[17-Nov-2020 11:37:15 Europe/Kiev] PHP Notice:  Undefined index: new in C:\xampp\htdocs\dogshop.me\app\Controllers\Admin\ProductController.php on line 65
[17-Nov-2020 11:37:15 Europe/Kiev] PHP Notice:  Undefined index: recommended in C:\xampp\htdocs\dogshop.me\app\Controllers\Admin\ProductController.php on line 66
[17-Nov-2020 11:37:15 Europe/Kiev] PHP Notice:  Undefined property: ProductController::$0 in C:\xampp\htdocs\dogshop.me\app\Controllers\Admin\ProductController.php on line 69
[17-Nov-2020 11:37:32 Europe/Kiev] PHP Notice:  Undefined index: recommended in C:\xampp\htdocs\dogshop.me\app\Controllers\Admin\ProductController.php on line 66
[17-Nov-2020 11:37:32 Europe/Kiev] PHP Notice:  Undefined property: ProductController::$0 in C:\xampp\htdocs\dogshop.me\app\Controllers\Admin\ProductController.php on line 69
[17-Nov-2020 11:43:01 Europe/Kiev] PHP Notice:  Undefined index: new in C:\xampp\htdocs\dogshop.me\app\Controllers\Admin\ProductController.php on line 65
[17-Nov-2020 11:43:01 Europe/Kiev] PHP Notice:  Undefined index: recommended in C:\xampp\htdocs\dogshop.me\app\Controllers\Admin\ProductController.php on line 66
[17-Nov-2020 11:43:01 Europe/Kiev] PHP Fatal error:  Uncaught PDOException: SQLSTATE[42S22]: Column not found: 1054 Unknown column 'image' in 'field list' in C:\xampp\htdocs\dogshop.me\common\Model.php:61
Stack trace:
#0 C:\xampp\htdocs\dogshop.me\common\Model.php(61): PDO->prepare('UPDATE  product...')
#1 C:\xampp\htdocs\dogshop.me\app\Controllers\Admin\ProductController.php(69): Model->update('2', Array)
#2 C:\xampp\htdocs\dogshop.me\common\Router.php(31): ProductController->update(Array)
#3 C:\xampp\htdocs\dogshop.me\common\Router.php(37): Router->init('C:\\xampp\\htdocs...', Object(ProductController), 'update')
#4 C:\xampp\htdocs\dogshop.me\common\App.php(39): Router->run()
#5 C:\xampp\htdocs\dogshop.me\bootstrap\app.php(14): App->run()
#6 C:\xampp\htdocs\dogshop.me\public\index.php(2): require_once('C:\\xampp\\htdocs...')
#7 {main}
  thrown in C:\xampp\htdocs\dogshop.me\common\Model.php on line 61
[17-Nov-2020 11:46:32 Europe/Kiev] PHP Notice:  Undefined index: status in C:\xampp\htdocs\dogshop.me\app\Controllers\Admin\ProductController.php on line 34
[17-Nov-2020 11:46:32 Europe/Kiev] PHP Notice:  Undefined index: recommended in C:\xampp\htdocs\dogshop.me\app\Controllers\Admin\ProductController.php on line 36
[17-Nov-2020 11:46:32 Europe/Kiev] PHP Notice:  Undefined index: file_name in C:\xampp\htdocs\dogshop.me\app\Controllers\Admin\ProductController.php on line 39
[17-Nov-2020 11:46:32 Europe/Kiev] PHP Fatal error:  Uncaught PDOException: SQLSTATE[42S22]: Column not found: 1054 Unknown column 'image' in 'field list' in C:\xampp\htdocs\dogshop.me\common\Model.php:36
Stack trace:
#0 C:\xampp\htdocs\dogshop.me\common\Model.php(36): PDO->prepare('INSERT INTO pro...')
#1 C:\xampp\htdocs\dogshop.me\app\Controllers\Admin\ProductController.php(39): Model->store(Array)
#2 C:\xampp\htdocs\dogshop.me\common\Router.php(31): ProductController->store(Array)
#3 C:\xampp\htdocs\dogshop.me\common\Router.php(37): Router->init('C:\\xampp\\htdocs...', Object(ProductController), 'store')
#4 C:\xampp\htdocs\dogshop.me\common\App.php(39): Router->run()
#5 C:\xampp\htdocs\dogshop.me\bootstrap\app.php(14): App->run()
#6 C:\xampp\htdocs\dogshop.me\public\index.php(2): require_once('C:\\xampp\\htdocs...')
#7 {main}
  thrown in C:\xampp\htdocs\dogshop.me\common\Model.php on line 36
[17-Nov-2020 11:48:07 Europe/Kiev] PHP Notice:  Undefined index: status in C:\xampp\htdocs\dogshop.me\app\Controllers\Admin\CategoryController.php on line 27
[17-Nov-2020 11:48:07 Europe/Kiev] PHP Notice:  Undefined index: file_name in C:\xampp\htdocs\dogshop.me\app\Controllers\Admin\CategoryController.php on line 28
[17-Nov-2020 11:48:12 Europe/Kiev] PHP Warning:  unlink(C:\xampp\htdocs\dogshop.me\config/../public/assets/images/categories/): Is a directory in C:\xampp\htdocs\dogshop.me\app\Controllers\Admin\CategoryController.php on line 63
[17-Nov-2020 11:50:11 Europe/Kiev] PHP Notice:  Undefined index: status in C:\xampp\htdocs\dogshop.me\app\Controllers\Admin\ProductController.php on line 33
[17-Nov-2020 11:50:11 Europe/Kiev] PHP Notice:  Undefined index: new in C:\xampp\htdocs\dogshop.me\app\Controllers\Admin\ProductController.php on line 34
[17-Nov-2020 11:50:11 Europe/Kiev] PHP Notice:  Undefined index: recommended in C:\xampp\htdocs\dogshop.me\app\Controllers\Admin\ProductController.php on line 35
[17-Nov-2020 11:50:45 Europe/Kiev] PHP Notice:  Undefined index: new in C:\xampp\htdocs\dogshop.me\app\Controllers\Admin\ProductController.php on line 34
[17-Nov-2020 11:50:45 Europe/Kiev] PHP Notice:  Undefined index: recommended in C:\xampp\htdocs\dogshop.me\app\Controllers\Admin\ProductController.php on line 35
[17-Nov-2020 11:50:58 Europe/Kiev] PHP Notice:  Undefined index: status in C:\xampp\htdocs\dogshop.me\app\Controllers\Admin\ProductController.php on line 33
[17-Nov-2020 11:50:58 Europe/Kiev] PHP Notice:  Undefined index: new in C:\xampp\htdocs\dogshop.me\app\Controllers\Admin\ProductController.php on line 34
[17-Nov-2020 11:50:58 Europe/Kiev] PHP Notice:  Undefined index: recommended in C:\xampp\htdocs\dogshop.me\app\Controllers\Admin\ProductController.php on line 35
[17-Nov-2020 11:51:04 Europe/Kiev] PHP Notice:  Undefined index: new in C:\xampp\htdocs\dogshop.me\app\Controllers\Admin\ProductController.php on line 34
[17-Nov-2020 11:51:04 Europe/Kiev] PHP Notice:  Undefined index: recommended in C:\xampp\htdocs\dogshop.me\app\Controllers\Admin\ProductController.php on line 35
[17-Nov-2020 11:51:21 Europe/Kiev] PHP Notice:  Undefined index: new in C:\xampp\htdocs\dogshop.me\app\Controllers\Admin\ProductController.php on line 34
[17-Nov-2020 11:51:21 Europe/Kiev] PHP Notice:  Undefined index: recommended in C:\xampp\htdocs\dogshop.me\app\Controllers\Admin\ProductController.php on line 35
[17-Nov-2020 11:52:14 Europe/Kiev] PHP Notice:  Undefined index: new in C:\xampp\htdocs\dogshop.me\app\Controllers\Admin\ProductController.php on line 35
[17-Nov-2020 11:52:14 Europe/Kiev] PHP Notice:  Undefined index: recommended in C:\xampp\htdocs\dogshop.me\app\Controllers\Admin\ProductController.php on line 36
[17-Nov-2020 11:55:17 Europe/Kiev] PHP Notice:  Undefined index: new in C:\xampp\htdocs\dogshop.me\app\Controllers\Admin\ProductController.php on line 35
[17-Nov-2020 11:55:17 Europe/Kiev] PHP Notice:  Undefined index: recommended in C:\xampp\htdocs\dogshop.me\app\Controllers\Admin\ProductController.php on line 36
[17-Nov-2020 11:55:17 Europe/Kiev] PHP Fatal error:  Uncaught PDOException: SQLSTATE[42S22]: Column not found: 1054 Unknown column 'image' in 'field list' in C:\xampp\htdocs\dogshop.me\common\Model.php:36
Stack trace:
#0 C:\xampp\htdocs\dogshop.me\common\Model.php(36): PDO->prepare('INSERT INTO pro...')
#1 C:\xampp\htdocs\dogshop.me\app\Controllers\Admin\ProductController.php(39): Model->store(Array)
#2 C:\xampp\htdocs\dogshop.me\common\Router.php(31): ProductController->store(Array)
#3 C:\xampp\htdocs\dogshop.me\common\Router.php(37): Router->init('C:\\xampp\\htdocs...', Object(ProductController), 'store')
#4 C:\xampp\htdocs\dogshop.me\common\App.php(39): Router->run()
#5 C:\xampp\htdocs\dogshop.me\bootstrap\app.php(14): App->run()
#6 C:\xampp\htdocs\dogshop.me\public\index.php(2): require_once('C:\\xampp\\htdocs...')
#7 {main}
  thrown in C:\xampp\htdocs\dogshop.me\common\Model.php on line 36
[17-Nov-2020 11:56:58 Europe/Kiev] PHP Notice:  Undefined index: new in C:\xampp\htdocs\dogshop.me\app\Controllers\Admin\ProductController.php on line 35
[17-Nov-2020 11:56:58 Europe/Kiev] PHP Notice:  Undefined index: recommended in C:\xampp\htdocs\dogshop.me\app\Controllers\Admin\ProductController.php on line 36
[17-Nov-2020 11:57:10 Europe/Kiev] PHP Notice:  Undefined index: new in C:\xampp\htdocs\dogshop.me\app\Controllers\Admin\ProductController.php on line 67
[17-Nov-2020 11:57:10 Europe/Kiev] PHP Notice:  Undefined index: recommended in C:\xampp\htdocs\dogshop.me\app\Controllers\Admin\ProductController.php on line 68
[17-Nov-2020 11:57:54 Europe/Kiev] PHP Notice:  Undefined index: new in C:\xampp\htdocs\dogshop.me\app\Controllers\Admin\ProductController.php on line 67
[17-Nov-2020 11:57:54 Europe/Kiev] PHP Notice:  Undefined index: recommended in C:\xampp\htdocs\dogshop.me\app\Controllers\Admin\ProductController.php on line 68
[17-Nov-2020 11:58:30 Europe/Kiev] PHP Notice:  Undefined index: status in C:\xampp\htdocs\dogshop.me\app\Controllers\Admin\ProductController.php on line 34
[17-Nov-2020 11:58:30 Europe/Kiev] PHP Notice:  Undefined index: new in C:\xampp\htdocs\dogshop.me\app\Controllers\Admin\ProductController.php on line 35
[17-Nov-2020 11:58:30 Europe/Kiev] PHP Notice:  Undefined index: recommended in C:\xampp\htdocs\dogshop.me\app\Controllers\Admin\ProductController.php on line 36
[17-Nov-2020 12:16:57 Europe/Kiev] PHP Notice:  Undefined variable: table in C:\xampp\htdocs\dogshop.me\app\Views\layouts\partials\admin\_modal.php on line 14
[17-Nov-2020 12:21:53 Europe/Kiev] PHP Notice:  Undefined index: status in C:\xampp\htdocs\dogshop.me\app\Controllers\Admin\ProductController.php on line 34
[17-Nov-2020 12:21:53 Europe/Kiev] PHP Notice:  Undefined index: new in C:\xampp\htdocs\dogshop.me\app\Controllers\Admin\ProductController.php on line 35
[17-Nov-2020 12:21:53 Europe/Kiev] PHP Notice:  Undefined index: recommended in C:\xampp\htdocs\dogshop.me\app\Controllers\Admin\ProductController.php on line 36
[17-Nov-2020 12:37:03 Europe/Kiev] PHP Notice:  Trying to get property 'image' of non-object in C:\xampp\htdocs\dogshop.me\app\Controllers\Admin\ProductController.php on line 69
[17-Nov-2020 12:37:03 Europe/Kiev] PHP Warning:  unlink(C:/xampp/htdocs/dogshop.me/public/assets/images/categories/): Is a directory in C:\xampp\htdocs\dogshop.me\app\Controllers\Admin\ProductController.php on line 71
[17-Nov-2020 13:23:15 Europe/Kiev] PHP Notice:  Trying to get property 'image' of non-object in C:\xampp\htdocs\dogshop.me\app\Controllers\Admin\ProductController.php on line 69
[17-Nov-2020 13:23:15 Europe/Kiev] PHP Warning:  unlink(C:/xampp/htdocs/dogshop.me/public/assets/images/categories/): Is a directory in C:\xampp\htdocs\dogshop.me\app\Controllers\Admin\ProductController.php on line 71
[17-Nov-2020 13:26:40 Europe/Kiev] PHP Notice:  Trying to get property 'image' of non-object in C:\xampp\htdocs\dogshop.me\app\Controllers\Admin\ProductController.php on line 69
[17-Nov-2020 13:26:40 Europe/Kiev] PHP Warning:  unlink(C:/xampp/htdocs/dogshop.me/public/assets/images/categories/): Is a directory in C:\xampp\htdocs\dogshop.me\app\Controllers\Admin\ProductController.php on line 71
[17-Nov-2020 13:27:11 Europe/Kiev] PHP Notice:  Trying to get property 'image' of non-object in C:\xampp\htdocs\dogshop.me\app\Controllers\Admin\ProductController.php on line 69
[17-Nov-2020 13:27:11 Europe/Kiev] PHP Warning:  unlink(C:/xampp/htdocs/dogshop.me/public/assets/images/categories/): Is a directory in C:\xampp\htdocs\dogshop.me\app\Controllers\Admin\ProductController.php on line 71
[17-Nov-2020 13:27:41 Europe/Kiev] PHP Notice:  Trying to get property 'image' of non-object in C:\xampp\htdocs\dogshop.me\app\Controllers\Admin\ProductController.php on line 69
[17-Nov-2020 13:27:41 Europe/Kiev] PHP Warning:  unlink(C:/xampp/htdocs/dogshop.me/public/assets/images/categories/): Is a directory in C:\xampp\htdocs\dogshop.me\app\Controllers\Admin\ProductController.php on line 71
[17-Nov-2020 13:28:10 Europe/Kiev] PHP Notice:  Trying to get property 'image' of non-object in C:\xampp\htdocs\dogshop.me\app\Controllers\Admin\ProductController.php on line 69
[17-Nov-2020 13:28:10 Europe/Kiev] PHP Warning:  unlink(C:/xampp/htdocs/dogshop.me/public/assets/images/categories/): Is a directory in C:\xampp\htdocs\dogshop.me\app\Controllers\Admin\ProductController.php on line 71
[21-Nov-2020 11:01:30 Europe/Kiev] PHP Notice:  Undefined variable: resource in C:\xampp\htdocs\dogshop.me\app\Views\admin\partials\_modal.php on line 14
[21-Nov-2020 11:01:30 Europe/Kiev] PHP Notice:  Undefined variable: resource in C:\xampp\htdocs\dogshop.me\app\Views\admin\partials\_modal.php on line 14
[21-Nov-2020 11:06:49 Europe/Kiev] PHP Notice:  Trying to get property 'image' of non-object in C:\xampp\htdocs\dogshop.me\app\Controllers\Admin\ProductController.php on line 90
[21-Nov-2020 11:06:49 Europe/Kiev] PHP Warning:  unlink(C:\xampp\htdocs\dogshop.me\config/../public/assets/images/products/): Is a directory in C:\xampp\htdocs\dogshop.me\app\Controllers\Admin\ProductController.php on line 92
[21-Nov-2020 11:06:50 Europe/Kiev] PHP Notice:  Trying to get property 'image' of non-object in C:\xampp\htdocs\dogshop.me\app\Controllers\Admin\ProductController.php on line 90
[21-Nov-2020 11:06:50 Europe/Kiev] PHP Warning:  unlink(C:\xampp\htdocs\dogshop.me\config/../public/assets/images/products/): Is a directory in C:\xampp\htdocs\dogshop.me\app\Controllers\Admin\ProductController.php on line 92
[21-Nov-2020 11:07:31 Europe/Kiev] PHP Notice:  Undefined variable: status in C:\xampp\htdocs\dogshop.me\app\Controllers\Admin\CategoryController.php on line 27
[21-Nov-2020 11:07:31 Europe/Kiev] PHP Fatal error:  Uncaught PDOException: SQLSTATE[23000]: Integrity constraint violation: 1048 Column 'status' cannot be null in C:\xampp\htdocs\dogshop.me\common\Model.php:37
Stack trace:
#0 C:\xampp\htdocs\dogshop.me\common\Model.php(37): PDOStatement->execute(Array)
#1 C:\xampp\htdocs\dogshop.me\app\Controllers\Admin\CategoryController.php(27): Model->store(Array)
#2 C:\xampp\htdocs\dogshop.me\common\Router.php(31): CategoryController->store(Array)
#3 C:\xampp\htdocs\dogshop.me\common\Router.php(37): Router->init('C:\\xampp\\htdocs...', Object(CategoryController), 'store')
#4 C:\xampp\htdocs\dogshop.me\common\App.php(39): Router->run()
#5 C:\xampp\htdocs\dogshop.me\bootstrap\app.php(14): App->run()
#6 C:\xampp\htdocs\dogshop.me\public\index.php(2): require_once('C:\\xampp\\htdocs...')
#7 {main}
  thrown in C:\xampp\htdocs\dogshop.me\common\Model.php on line 37
[21-Nov-2020 11:55:33 Europe/Kiev] PHP Notice:  Undefined index: status in C:\xampp\htdocs\dogshop.me\app\Controllers\Admin\CategoryController.php on line 27
[21-Nov-2020 13:04:55 Europe/Kiev] PHP Notice:  Undefined index: status in C:\xampp\htdocs\dogshop.me\app\Controllers\Admin\ProductController.php on line 35
[21-Nov-2020 13:04:55 Europe/Kiev] PHP Notice:  Undefined index: new in C:\xampp\htdocs\dogshop.me\app\Controllers\Admin\ProductController.php on line 36
[21-Nov-2020 13:04:55 Europe/Kiev] PHP Notice:  Undefined index: recommended in C:\xampp\htdocs\dogshop.me\app\Controllers\Admin\ProductController.php on line 37
[21-Nov-2020 13:05:08 Europe/Kiev] PHP Notice:  Undefined index: status in C:\xampp\htdocs\dogshop.me\app\Controllers\Admin\ProductController.php on line 68
[21-Nov-2020 13:05:08 Europe/Kiev] PHP Notice:  Undefined index: new in C:\xampp\htdocs\dogshop.me\app\Controllers\Admin\ProductController.php on line 76
[21-Nov-2020 13:05:08 Europe/Kiev] PHP Notice:  Undefined index: recommended in C:\xampp\htdocs\dogshop.me\app\Controllers\Admin\ProductController.php on line 77
[21-Nov-2020 13:05:08 Europe/Kiev] PHP Notice:  Undefined index: file_name in C:\xampp\htdocs\dogshop.me\app\Controllers\Admin\ProductController.php on line 80
[21-Nov-2020 13:05:17 Europe/Kiev] PHP Notice:  Trying to get property 'image' of non-object in C:\xampp\htdocs\dogshop.me\app\Controllers\Admin\ProductController.php on line 90
[21-Nov-2020 13:05:17 Europe/Kiev] PHP Warning:  unlink(C:\xampp\htdocs\dogshop.me\config/../public/assets/images/products/): Is a directory in C:\xampp\htdocs\dogshop.me\app\Controllers\Admin\ProductController.php on line 92
[21-Nov-2020 13:05:23 Europe/Kiev] PHP Notice:  Undefined index: file_name in C:\xampp\htdocs\dogshop.me\app\Controllers\Admin\CategoryController.php on line 59
[21-Nov-2020 13:05:37 Europe/Kiev] PHP Notice:  Undefined index: file_name in C:\xampp\htdocs\dogshop.me\app\Controllers\Admin\CategoryController.php on line 59
[21-Nov-2020 13:05:59 Europe/Kiev] PHP Notice:  Undefined index: file_name in C:\xampp\htdocs\dogshop.me\app\Controllers\Admin\CategoryController.php on line 59
[22-Nov-2020 10:14:12 Europe/Kiev] PHP Fatal error:  Uncaught Error: Class 'Helper' not found in C:\xampp\htdocs\dogshop.me\app\Views\layouts\partials\site\_nav.php:22
Stack trace:
#0 C:\xampp\htdocs\dogshop.me\app\Views\layouts\site.php(13): require_once()
#1 C:\xampp\htdocs\dogshop.me\common\View.php(18): include_once('C:\\xampp\\htdocs...')
#2 C:\xampp\htdocs\dogshop.me\app\Controllers\HomeController.php(12): View->render('/home/index.php', Array)
#3 C:\xampp\htdocs\dogshop.me\common\Router.php(31): HomeController->index(Array)
#4 C:\xampp\htdocs\dogshop.me\common\Router.php(37): Router->init('C:\\xampp\\htdocs...', Object(HomeController), 'index')
#5 C:\xampp\htdocs\dogshop.me\common\App.php(39): Router->run()
#6 C:\xampp\htdocs\dogshop.me\bootstrap\app.php(14): App->run()
#7 C:\xampp\htdocs\dogshop.me\public\index.php(2): require_once('C:\\xampp\\htdocs...')
#8 {main}
  thrown in C:\xampp\htdocs\dogshop.me\app\Views\layouts\partials\site\_nav.php on line 22
[22-Nov-2020 10:42:02 Europe/Kiev] PHP Notice:  Undefined index: status in C:\xampp\htdocs\dogshop.me\app\Controllers\Admin\ProductController.php on line 35
[22-Nov-2020 10:42:02 Europe/Kiev] PHP Notice:  Undefined index: new in C:\xampp\htdocs\dogshop.me\app\Controllers\Admin\ProductController.php on line 36
[22-Nov-2020 10:42:02 Europe/Kiev] PHP Notice:  Undefined index: recommended in C:\xampp\htdocs\dogshop.me\app\Controllers\Admin\ProductController.php on line 37
[22-Nov-2020 10:42:02 Europe/Kiev] PHP Notice:  Undefined index: file_name in C:\xampp\htdocs\dogshop.me\app\Controllers\Admin\ProductController.php on line 40
[22-Nov-2020 10:42:02 Europe/Kiev] PHP Fatal error:  Uncaught PDOException: SQLSTATE[23000]: Integrity constraint violation: 1048 Column 'image' cannot be null in C:\xampp\htdocs\dogshop.me\common\Model.php:37
Stack trace:
#0 C:\xampp\htdocs\dogshop.me\common\Model.php(37): PDOStatement->execute(Array)
#1 C:\xampp\htdocs\dogshop.me\app\Controllers\Admin\ProductController.php(40): Model->store(Array)
#2 C:\xampp\htdocs\dogshop.me\common\Router.php(31): ProductController->store(Array)
#3 C:\xampp\htdocs\dogshop.me\common\Router.php(37): Router->init('C:\\xampp\\htdocs...', Object(ProductController), 'store')
#4 C:\xampp\htdocs\dogshop.me\common\App.php(39): Router->run()
#5 C:\xampp\htdocs\dogshop.me\bootstrap\app.php(15): App->run()
#6 C:\xampp\htdocs\dogshop.me\public\index.php(2): require_once('C:\\xampp\\htdocs...')
#7 {main}
  thrown in C:\xampp\htdocs\dogshop.me\common\Model.php on line 37
[22-Nov-2020 10:42:18 Europe/Kiev] PHP Notice:  Undefined index: status in C:\xampp\htdocs\dogshop.me\app\Controllers\Admin\ProductController.php on line 35
[22-Nov-2020 10:42:18 Europe/Kiev] PHP Notice:  Undefined index: new in C:\xampp\htdocs\dogshop.me\app\Controllers\Admin\ProductController.php on line 36
[22-Nov-2020 10:42:18 Europe/Kiev] PHP Notice:  Undefined index: recommended in C:\xampp\htdocs\dogshop.me\app\Controllers\Admin\ProductController.php on line 37
[22-Nov-2020 11:16:45 Europe/Kiev] PHP Warning:  require_once(C:\xampp\htdocs\dogshop.me\config/..//app/Views//.php): failed to open stream: No such file or directory in C:\xampp\htdocs\dogshop.me\app\Views\layouts\site.php on line 15
[22-Nov-2020 11:16:45 Europe/Kiev] PHP Fatal error:  require_once(): Failed opening required 'C:\xampp\htdocs\dogshop.me\config/..//app/Views//.php' (include_path='C:\xampp\php\PEAR') in C:\xampp\htdocs\dogshop.me\app\Views\layouts\site.php on line 15
[22-Nov-2020 11:17:04 Europe/Kiev] PHP Warning:  require_once(C:\xampp\htdocs\dogshop.me\config/..//app/Views//.php): failed to open stream: No such file or directory in C:\xampp\htdocs\dogshop.me\app\Views\layouts\site.php on line 15
[22-Nov-2020 11:17:04 Europe/Kiev] PHP Fatal error:  require_once(): Failed opening required 'C:\xampp\htdocs\dogshop.me\config/..//app/Views//.php' (include_path='C:\xampp\php\PEAR') in C:\xampp\htdocs\dogshop.me\app\Views\layouts\site.php on line 15
[22-Nov-2020 11:17:53 Europe/Kiev] PHP Warning:  require_once(C:\xampp\htdocs\dogshop.me\config/..//app/Views//index.php): failed to open stream: No such file or directory in C:\xampp\htdocs\dogshop.me\app\Views\layouts\site.php on line 15
[22-Nov-2020 11:17:53 Europe/Kiev] PHP Fatal error:  require_once(): Failed opening required 'C:\xampp\htdocs\dogshop.me\config/..//app/Views//index.php' (include_path='C:\xampp\php\PEAR') in C:\xampp\htdocs\dogshop.me\app\Views\layouts\site.php on line 15
[22-Nov-2020 11:18:01 Europe/Kiev] PHP Warning:  require_once(C:\xampp\htdocs\dogshop.me\config/..//app/Views/index.php): failed to open stream: No such file or directory in C:\xampp\htdocs\dogshop.me\app\Views\layouts\site.php on line 15
[22-Nov-2020 11:18:01 Europe/Kiev] PHP Fatal error:  require_once(): Failed opening required 'C:\xampp\htdocs\dogshop.me\config/..//app/Views/index.php' (include_path='C:\xampp\php\PEAR') in C:\xampp\htdocs\dogshop.me\app\Views\layouts\site.php on line 15
[22-Nov-2020 11:18:08 Europe/Kiev] PHP Warning:  require_once(C:\xampp\htdocs\dogshop.me\config/..//app/Views/.php): failed to open stream: No such file or directory in C:\xampp\htdocs\dogshop.me\app\Views\layouts\site.php on line 15
[22-Nov-2020 11:18:08 Europe/Kiev] PHP Fatal error:  require_once(): Failed opening required 'C:\xampp\htdocs\dogshop.me\config/..//app/Views/.php' (include_path='C:\xampp\php\PEAR') in C:\xampp\htdocs\dogshop.me\app\Views\layouts\site.php on line 15
[22-Nov-2020 11:18:09 Europe/Kiev] PHP Warning:  require_once(C:\xampp\htdocs\dogshop.me\config/..//app/Views/.php): failed to open stream: No such file or directory in C:\xampp\htdocs\dogshop.me\app\Views\layouts\site.php on line 15
[22-Nov-2020 11:18:09 Europe/Kiev] PHP Fatal error:  require_once(): Failed opening required 'C:\xampp\htdocs\dogshop.me\config/..//app/Views/.php' (include_path='C:\xampp\php\PEAR') in C:\xampp\htdocs\dogshop.me\app\Views\layouts\site.php on line 15
[22-Nov-2020 11:19:12 Europe/Kiev] PHP Notice:  Trying to get property 'name' of non-object in C:\xampp\htdocs\dogshop.me\app\Views\profile\_sidebar.php on line 3
[22-Nov-2020 11:19:59 Europe/Kiev] PHP Notice:  Trying to get property 'name' of non-object in C:\xampp\htdocs\dogshop.me\app\Views\profile\_sidebar.php on line 3
[22-Nov-2020 12:13:10 Europe/Kiev] PHP Fatal error:  Uncaught Error: Class 'Session' not found in C:\xampp\htdocs\dogshop.me\app\Controllers\OrderController.php:13
Stack trace:
#0 C:\xampp\htdocs\dogshop.me\common\Router.php(29): OrderController->__construct()
#1 C:\xampp\htdocs\dogshop.me\common\Router.php(37): Router->init('C:\\xampp\\htdocs...', 'OrderController', 'cart')
#2 C:\xampp\htdocs\dogshop.me\common\App.php(39): Router->run()
#3 C:\xampp\htdocs\dogshop.me\bootstrap\app.php(15): App->run()
#4 C:\xampp\htdocs\dogshop.me\public\index.php(2): require_once('C:\\xampp\\htdocs...')
#5 {main}
  thrown in C:\xampp\htdocs\dogshop.me\app\Controllers\OrderController.php on line 13
[22-Nov-2020 12:13:43 Europe/Kiev] PHP Fatal error:  Uncaught Error: Class 'Session' not found in C:\xampp\htdocs\dogshop.me\app\Controllers\OrderController.php:13
Stack trace:
#0 C:\xampp\htdocs\dogshop.me\common\Router.php(29): OrderController->__construct()
#1 C:\xampp\htdocs\dogshop.me\common\Router.php(37): Router->init('C:\\xampp\\htdocs...', 'OrderController', 'cart')
#2 C:\xampp\htdocs\dogshop.me\common\App.php(39): Router->run()
#3 C:\xampp\htdocs\dogshop.me\bootstrap\app.php(15): App->run()
#4 C:\xampp\htdocs\dogshop.me\public\index.php(2): require_once('C:\\xampp\\htdocs...')
#5 {main}
  thrown in C:\xampp\htdocs\dogshop.me\app\Controllers\OrderController.php on line 13
[22-Nov-2020 12:13:57 Europe/Kiev] PHP Fatal error:  Uncaught Error: Class 'Session' not found in C:\xampp\htdocs\dogshop.me\app\Controllers\OrderController.php:13
Stack trace:
#0 C:\xampp\htdocs\dogshop.me\common\Router.php(29): OrderController->__construct()
#1 C:\xampp\htdocs\dogshop.me\common\Router.php(37): Router->init('C:\\xampp\\htdocs...', 'OrderController', 'cart')
#2 C:\xampp\htdocs\dogshop.me\common\App.php(39): Router->run()
#3 C:\xampp\htdocs\dogshop.me\bootstrap\app.php(15): App->run()
#4 C:\xampp\htdocs\dogshop.me\public\index.php(2): require_once('C:\\xampp\\htdocs...')
#5 {main}
  thrown in C:\xampp\htdocs\dogshop.me\app\Controllers\OrderController.php on line 13
[22-Nov-2020 12:14:57 Europe/Kiev] PHP Fatal error:  Uncaught Error: Class 'Session' not found in C:\xampp\htdocs\dogshop.me\app\Controllers\OrderController.php:13
Stack trace:
#0 C:\xampp\htdocs\dogshop.me\common\Router.php(29): OrderController->__construct()
#1 C:\xampp\htdocs\dogshop.me\common\Router.php(37): Router->init('C:\\xampp\\htdocs...', 'OrderController', 'cart')
#2 C:\xampp\htdocs\dogshop.me\common\App.php(39): Router->run()
#3 C:\xampp\htdocs\dogshop.me\bootstrap\app.php(15): App->run()
#4 C:\xampp\htdocs\dogshop.me\public\index.php(2): require_once('C:\\xampp\\htdocs...')
#5 {main}
  thrown in C:\xampp\htdocs\dogshop.me\app\Controllers\OrderController.php on line 13
[22-Nov-2020 12:15:54 Europe/Kiev] PHP Fatal error:  Uncaught Error: Class 'Session' not found in C:\xampp\htdocs\dogshop.me\app\Controllers\OrderController.php:13
Stack trace:
#0 C:\xampp\htdocs\dogshop.me\common\Router.php(29): OrderController->__construct()
#1 C:\xampp\htdocs\dogshop.me\common\Router.php(37): Router->init('C:\\xampp\\htdocs...', 'OrderController', 'cart')
#2 C:\xampp\htdocs\dogshop.me\common\App.php(39): Router->run()
#3 C:\xampp\htdocs\dogshop.me\bootstrap\app.php(15): App->run()
#4 C:\xampp\htdocs\dogshop.me\public\index.php(2): require_once('C:\\xampp\\htdocs...')
#5 {main}
  thrown in C:\xampp\htdocs\dogshop.me\app\Controllers\OrderController.php on line 13
[22-Nov-2020 12:17:15 Europe/Kiev] PHP Parse error:  syntax error, unexpected '}' in C:\xampp\htdocs\dogshop.me\app\Controllers\ProfileController.php on line 26
[22-Nov-2020 12:18:40 Europe/Kiev] PHP Fatal error:  Uncaught Error: Class 'Session' not found in C:\xampp\htdocs\dogshop.me\app\Controllers\OrderController.php:13
Stack trace:
#0 C:\xampp\htdocs\dogshop.me\common\Router.php(29): OrderController->__construct()
#1 C:\xampp\htdocs\dogshop.me\common\Router.php(37): Router->init('C:\\xampp\\htdocs...', 'OrderController', 'cart')
#2 C:\xampp\htdocs\dogshop.me\common\App.php(39): Router->run()
#3 C:\xampp\htdocs\dogshop.me\bootstrap\app.php(15): App->run()
#4 C:\xampp\htdocs\dogshop.me\public\index.php(2): require_once('C:\\xampp\\htdocs...')
#5 {main}
  thrown in C:\xampp\htdocs\dogshop.me\app\Controllers\OrderController.php on line 13
[22-Nov-2020 12:27:15 Europe/Kiev] PHP Fatal error:  Uncaught Error: Call to undefined method ProfileController::ordersList() in C:\xampp\htdocs\dogshop.me\common\Router.php:31
Stack trace:
#0 C:\xampp\htdocs\dogshop.me\common\Router.php(37): Router->init('C:\\xampp\\htdocs...', Object(ProfileController), 'ordersList')
#1 C:\xampp\htdocs\dogshop.me\common\App.php(39): Router->run()
#2 C:\xampp\htdocs\dogshop.me\bootstrap\app.php(15): App->run()
#3 C:\xampp\htdocs\dogshop.me\public\index.php(2): require_once('C:\\xampp\\htdocs...')
#4 {main}
  thrown in C:\xampp\htdocs\dogshop.me\common\Router.php on line 31
[22-Nov-2020 12:27:51 Europe/Kiev] PHP Fatal error:  Uncaught Error: Class 'Order' not found in C:\xampp\htdocs\dogshop.me\app\Controllers\ProfileController.php:26
Stack trace:
#0 C:\xampp\htdocs\dogshop.me\common\Router.php(31): ProfileController->orderList(Array)
#1 C:\xampp\htdocs\dogshop.me\common\Router.php(37): Router->init('C:\\xampp\\htdocs...', Object(ProfileController), 'orderList')
#2 C:\xampp\htdocs\dogshop.me\common\App.php(39): Router->run()
#3 C:\xampp\htdocs\dogshop.me\bootstrap\app.php(15): App->run()
#4 C:\xampp\htdocs\dogshop.me\public\index.php(2): require_once('C:\\xampp\\htdocs...')
#5 {main}
  thrown in C:\xampp\htdocs\dogshop.me\app\Controllers\ProfileController.php on line 26
[22-Nov-2020 12:28:34 Europe/Kiev] PHP Fatal error:  Uncaught Error: Class 'Session' not found in C:\xampp\htdocs\dogshop.me\app\Controllers\OrderController.php:13
Stack trace:
#0 C:\xampp\htdocs\dogshop.me\common\Router.php(29): OrderController->__construct()
#1 C:\xampp\htdocs\dogshop.me\common\Router.php(37): Router->init('C:\\xampp\\htdocs...', 'OrderController', 'cart')
#2 C:\xampp\htdocs\dogshop.me\common\App.php(39): Router->run()
#3 C:\xampp\htdocs\dogshop.me\bootstrap\app.php(15): App->run()
#4 C:\xampp\htdocs\dogshop.me\public\index.php(2): require_once('C:\\xampp\\htdocs...')
#5 {main}
  thrown in C:\xampp\htdocs\dogshop.me\app\Controllers\OrderController.php on line 13
[22-Nov-2020 12:30:41 Europe/Kiev] PHP Fatal error:  Uncaught Error: Class 'Session' not found in C:\xampp\htdocs\dogshop.me\app\Controllers\OrderController.php:13
Stack trace:
#0 C:\xampp\htdocs\dogshop.me\common\Router.php(29): OrderController->__construct()
#1 C:\xampp\htdocs\dogshop.me\common\Router.php(37): Router->init('C:\\xampp\\htdocs...', 'OrderController', 'cart')
#2 C:\xampp\htdocs\dogshop.me\common\App.php(39): Router->run()
#3 C:\xampp\htdocs\dogshop.me\bootstrap\app.php(15): App->run()
#4 C:\xampp\htdocs\dogshop.me\public\index.php(2): require_once('C:\\xampp\\htdocs...')
#5 {main}
  thrown in C:\xampp\htdocs\dogshop.me\app\Controllers\OrderController.php on line 13
[22-Nov-2020 12:37:25 Europe/Kiev] PHP Fatal error:  Uncaught ArgumentCountError: Too few arguments to function Session::set(), 1 passed in C:\xampp\htdocs\dogshop.me\app\Controllers\OrderController.php on line 15 and exactly 2 expected in C:\xampp\htdocs\dogshop.me\common\Session.php:16
Stack trace:
#0 C:\xampp\htdocs\dogshop.me\app\Controllers\OrderController.php(15): Session::set('userId')
#1 C:\xampp\htdocs\dogshop.me\common\Router.php(29): OrderController->__construct()
#2 C:\xampp\htdocs\dogshop.me\common\Router.php(37): Router->init('C:\\xampp\\htdocs...', 'OrderController', 'cart')
#3 C:\xampp\htdocs\dogshop.me\common\App.php(39): Router->run()
#4 C:\xampp\htdocs\dogshop.me\bootstrap\app.php(15): App->run()
#5 C:\xampp\htdocs\dogshop.me\public\index.php(2): require_once('C:\\xampp\\htdocs...')
#6 {main}
  thrown in C:\xampp\htdocs\dogshop.me\common\Session.php on line 16
[22-Nov-2020 12:37:25 Europe/Kiev] PHP Parse error:  syntax error, unexpected end of file, expecting function (T_FUNCTION) or const (T_CONST) in C:\xampp\htdocs\dogshop.me\app\Controllers\ProfileController.php on line 57
[22-Nov-2020 12:40:05 Europe/Kiev] PHP Fatal error:  Uncaught ArgumentCountError: Too few arguments to function Session::set(), 1 passed in C:\xampp\htdocs\dogshop.me\app\Controllers\OrderController.php on line 15 and exactly 2 expected in C:\xampp\htdocs\dogshop.me\common\Session.php:16
Stack trace:
#0 C:\xampp\htdocs\dogshop.me\app\Controllers\OrderController.php(15): Session::set('userId')
#1 C:\xampp\htdocs\dogshop.me\common\Router.php(29): OrderController->__construct()
#2 C:\xampp\htdocs\dogshop.me\common\Router.php(37): Router->init('C:\\xampp\\htdocs...', 'OrderController', 'cart')
#3 C:\xampp\htdocs\dogshop.me\common\App.php(39): Router->run()
#4 C:\xampp\htdocs\dogshop.me\bootstrap\app.php(15): App->run()
#5 C:\xampp\htdocs\dogshop.me\public\index.php(2): require_once('C:\\xampp\\htdocs...')
#6 {main}
  thrown in C:\xampp\htdocs\dogshop.me\common\Session.php on line 16
[22-Nov-2020 12:41:14 Europe/Kiev] PHP Fatal error:  Uncaught ArgumentCountError: Too few arguments to function Session::set(), 1 passed in C:\xampp\htdocs\dogshop.me\app\Controllers\OrderController.php on line 15 and exactly 2 expected in C:\xampp\htdocs\dogshop.me\common\Session.php:16
Stack trace:
#0 C:\xampp\htdocs\dogshop.me\app\Controllers\OrderController.php(15): Session::set('userId')
#1 C:\xampp\htdocs\dogshop.me\common\Router.php(29): OrderController->__construct()
#2 C:\xampp\htdocs\dogshop.me\common\Router.php(37): Router->init('C:\\xampp\\htdocs...', 'OrderController', 'cart')
#3 C:\xampp\htdocs\dogshop.me\common\App.php(39): Router->run()
#4 C:\xampp\htdocs\dogshop.me\bootstrap\app.php(15): App->run()
#5 C:\xampp\htdocs\dogshop.me\public\index.php(2): require_once('C:\\xampp\\htdocs...')
#6 {main}
  thrown in C:\xampp\htdocs\dogshop.me\common\Session.php on line 16
[22-Nov-2020 12:41:47 Europe/Kiev] PHP Fatal error:  Uncaught ArgumentCountError: Too few arguments to function Session::set(), 1 passed in C:\xampp\htdocs\dogshop.me\app\Controllers\OrderController.php on line 15 and exactly 2 expected in C:\xampp\htdocs\dogshop.me\common\Session.php:16
Stack trace:
#0 C:\xampp\htdocs\dogshop.me\app\Controllers\OrderController.php(15): Session::set('userId')
#1 C:\xampp\htdocs\dogshop.me\common\Router.php(29): OrderController->__construct()
#2 C:\xampp\htdocs\dogshop.me\common\Router.php(37): Router->init('C:\\xampp\\htdocs...', 'OrderController', 'cart')
#3 C:\xampp\htdocs\dogshop.me\common\App.php(39): Router->run()
#4 C:\xampp\htdocs\dogshop.me\bootstrap\app.php(15): App->run()
#5 C:\xampp\htdocs\dogshop.me\public\index.php(2): require_once('C:\\xampp\\htdocs...')
#6 {main}
  thrown in C:\xampp\htdocs\dogshop.me\common\Session.php on line 16
[22-Nov-2020 12:55:26 Europe/Kiev] PHP Fatal error:  Uncaught ArgumentCountError: Too few arguments to function Session::set(), 1 passed in C:\xampp\htdocs\dogshop.me\app\Controllers\OrderController.php on line 15 and exactly 2 expected in C:\xampp\htdocs\dogshop.me\common\Session.php:16
Stack trace:
#0 C:\xampp\htdocs\dogshop.me\app\Controllers\OrderController.php(15): Session::set('userId')
#1 C:\xampp\htdocs\dogshop.me\common\Router.php(29): OrderController->__construct()
#2 C:\xampp\htdocs\dogshop.me\common\Router.php(37): Router->init('C:\\xampp\\htdocs...', 'OrderController', 'cart')
#3 C:\xampp\htdocs\dogshop.me\common\App.php(39): Router->run()
#4 C:\xampp\htdocs\dogshop.me\bootstrap\app.php(15): App->run()
#5 C:\xampp\htdocs\dogshop.me\public\index.php(2): require_once('C:\\xampp\\htdocs...')
#6 {main}
  thrown in C:\xampp\htdocs\dogshop.me\common\Session.php on line 16
[22-Nov-2020 12:57:15 Europe/Kiev] PHP Fatal error:  Uncaught ArgumentCountError: Too few arguments to function Session::set(), 1 passed in C:\xampp\htdocs\dogshop.me\app\Controllers\OrderController.php on line 15 and exactly 2 expected in C:\xampp\htdocs\dogshop.me\common\Session.php:16
Stack trace:
#0 C:\xampp\htdocs\dogshop.me\app\Controllers\OrderController.php(15): Session::set('userId')
#1 C:\xampp\htdocs\dogshop.me\common\Router.php(29): OrderController->__construct()
#2 C:\xampp\htdocs\dogshop.me\common\Router.php(37): Router->init('C:\\xampp\\htdocs...', 'OrderController', 'cart')
#3 C:\xampp\htdocs\dogshop.me\common\App.php(39): Router->run()
#4 C:\xampp\htdocs\dogshop.me\bootstrap\app.php(15): App->run()
#5 C:\xampp\htdocs\dogshop.me\public\index.php(2): require_once('C:\\xampp\\htdocs...')
#6 {main}
  thrown in C:\xampp\htdocs\dogshop.me\common\Session.php on line 16
[22-Nov-2020 13:02:53 Europe/Kiev] PHP Warning:  Use of undefined constant PUBLIC_ROOT - assumed 'PUBLIC_ROOT' (this will throw an Error in a future version of PHP) in C:\xampp\htdocs\dogshop.me\common\Redirector.php on line 6
[22-Nov-2020 13:18:50 Europe/Kiev] PHP Fatal error:  Uncaught ArgumentCountError: Too few arguments to function Session::set(), 1 passed in C:\xampp\htdocs\dogshop.me\app\Controllers\OrderController.php on line 15 and exactly 2 expected in C:\xampp\htdocs\dogshop.me\common\Session.php:16
Stack trace:
#0 C:\xampp\htdocs\dogshop.me\app\Controllers\OrderController.php(15): Session::set('userId')
#1 C:\xampp\htdocs\dogshop.me\common\Router.php(29): OrderController->__construct()
#2 C:\xampp\htdocs\dogshop.me\common\Router.php(37): Router->init('C:\\xampp\\htdocs...', 'OrderController', 'cart')
#3 C:\xampp\htdocs\dogshop.me\common\App.php(39): Router->run()
#4 C:\xampp\htdocs\dogshop.me\bootstrap\app.php(28): App->run()
#5 C:\xampp\htdocs\dogshop.me\public\index.php(2): require_once('C:\\xampp\\htdocs...')
#6 {main}
  thrown in C:\xampp\htdocs\dogshop.me\common\Session.php on line 16
[23-Nov-2020 08:40:33 Europe/Kiev] PHP Warning:  array_keys() expects parameter 1 to be array, string given in C:\xampp\htdocs\dogshop.me\common\Model.php on line 34
[23-Nov-2020 08:40:33 Europe/Kiev] PHP Warning:  implode(): Invalid arguments passed in C:\xampp\htdocs\dogshop.me\common\Model.php on line 34
[23-Nov-2020 08:40:33 Europe/Kiev] PHP Warning:  array_keys() expects parameter 1 to be array, string given in C:\xampp\htdocs\dogshop.me\common\Model.php on line 34
[23-Nov-2020 08:40:33 Europe/Kiev] PHP Warning:  implode(): Invalid arguments passed in C:\xampp\htdocs\dogshop.me\common\Model.php on line 34
[23-Nov-2020 08:40:33 Europe/Kiev] PHP Fatal error:  Uncaught PDOException: SQLSTATE[42000]: Syntax error or access violation: 1064 You have an error in your SQL syntax; check the manual that corresponds to your MariaDB server version for the right syntax to use near ':)' at line 1 in C:\xampp\htdocs\dogshop.me\common\Model.php:36
Stack trace:
#0 C:\xampp\htdocs\dogshop.me\common\Model.php(36): PDO->prepare('INSERT INTO ord...')
#1 C:\xampp\htdocs\dogshop.me\app\Controllers\OrderController.php(21): Model->store('1', '2020-11-23 08:3...', '123', '1')
#2 C:\xampp\htdocs\dogshop.me\common\Router.php(29): OrderController->__construct()
#3 C:\xampp\htdocs\dogshop.me\common\Router.php(37): Router->init('C:\\xampp\\htdocs...', 'OrderController', 'cart')
#4 C:\xampp\htdocs\dogshop.me\common\App.php(37): Router->run()
#5 C:\xampp\htdocs\dogshop.me\bootstrap\app.php(26): App->run()
#6 C:\xampp\htdocs\dogshop.me\public\index.php(2): require_once('C:\\xampp\\htdocs...')
#7 {main}
  thrown in C:\xampp\htdocs\dogshop.me\common\Model.php on line 36
[23-Nov-2020 09:16:04 Europe/Kiev] PHP Warning:  require_once(C:\xampp\htdocs\dogshop.me\config/..//app/Views/profile/_profile.php): failed to open stream: No such file or directory in C:\xampp\htdocs\dogshop.me\app\Views\profile\index.php on line 21
[23-Nov-2020 09:16:04 Europe/Kiev] PHP Fatal error:  require_once(): Failed opening required 'C:\xampp\htdocs\dogshop.me\config/..//app/Views/profile/_profile.php' (include_path='C:\xampp\php\PEAR') in C:\xampp\htdocs\dogshop.me\app\Views\profile\index.php on line 21
[23-Nov-2020 09:16:49 Europe/Kiev] PHP Warning:  require_once(C:\xampp\htdocs\dogshop.me\config/..//app/Views/layouts/partials/_flash-message.php): failed to open stream: No such file or directory in C:\xampp\htdocs\dogshop.me\app\Views\profile\index.php on line 32
[23-Nov-2020 09:16:49 Europe/Kiev] PHP Fatal error:  require_once(): Failed opening required 'C:\xampp\htdocs\dogshop.me\config/..//app/Views/layouts/partials/_flash-message.php' (include_path='C:\xampp\php\PEAR') in C:\xampp\htdocs\dogshop.me\app\Views\profile\index.php on line 32
[23-Nov-2020 09:17:22 Europe/Kiev] PHP Warning:  require_once(C:\xampp\htdocs\dogshop.me\config/..//app/Views/layouts/partials/_flash-message.php): failed to open stream: No such file or directory in C:\xampp\htdocs\dogshop.me\app\Views\profile\index.php on line 32
[23-Nov-2020 09:17:22 Europe/Kiev] PHP Fatal error:  require_once(): Failed opening required 'C:\xampp\htdocs\dogshop.me\config/..//app/Views/layouts/partials/_flash-message.php' (include_path='C:\xampp\php\PEAR') in C:\xampp\htdocs\dogshop.me\app\Views\profile\index.php on line 32
[23-Nov-2020 09:39:54 Europe/Kiev] PHP Notice:  Undefined property: stdClass::$formated_date in C:\xampp\htdocs\dogshop.me\app\Views\profile\orders.php on line 38
[23-Nov-2020 09:39:54 Europe/Kiev] PHP Notice:  Undefined property: stdClass::$formated_date in C:\xampp\htdocs\dogshop.me\app\Views\profile\orders.php on line 38
[03-Dec-2020 09:21:17 Europe/Kiev] PHP Notice:  Trying to get property 'name' of non-object in C:\xampp\htdocs\dogshop.me\app\Views\profile\_profile.php on line 10
[03-Dec-2020 09:45:18 Europe/Kiev] PHP Fatal error:  Uncaught Error: Call to undefined method ProfileController::getOrder() in C:\xampp\htdocs\dogshop.me\app\Controllers\ProfileController.php:40
Stack trace:
#0 C:\xampp\htdocs\dogshop.me\common\Router.php(31): ProfileController->orderView(Array)
#1 C:\xampp\htdocs\dogshop.me\common\Router.php(45): Router->init('C:\\xampp\\htdocs...', Object(ProfileController), 'orderView', Array)
#2 C:\xampp\htdocs\dogshop.me\common\App.php(37): Router->run()
#3 C:\xampp\htdocs\dogshop.me\bootstrap\app.php(26): App->run()
#4 C:\xampp\htdocs\dogshop.me\public\index.php(2): require_once('C:\\xampp\\htdocs...')
#5 {main}
  thrown in C:\xampp\htdocs\dogshop.me\app\Controllers\ProfileController.php on line 40
[03-Dec-2020 09:47:05 Europe/Kiev] PHP Fatal error:  Uncaught Error: Call to undefined method ProfileController::ordersList() in C:\xampp\htdocs\dogshop.me\common\Router.php:31
Stack trace:
#0 C:\xampp\htdocs\dogshop.me\common\Router.php(37): Router->init('C:\\xampp\\htdocs...', Object(ProfileController), 'ordersList')
#1 C:\xampp\htdocs\dogshop.me\common\App.php(37): Router->run()
#2 C:\xampp\htdocs\dogshop.me\bootstrap\app.php(26): App->run()
#3 C:\xampp\htdocs\dogshop.me\public\index.php(2): require_once('C:\\xampp\\htdocs...')
#4 {main}
  thrown in C:\xampp\htdocs\dogshop.me\common\Router.php on line 31
[03-Dec-2020 09:47:35 Europe/Kiev] PHP Warning:  include_once(C:\xampp\htdocs\dogshop.me\config/..//app/Views/layouts/check.php): failed to open stream: No such file or directory in C:\xampp\htdocs\dogshop.me\common\View.php on line 18
[03-Dec-2020 09:47:35 Europe/Kiev] PHP Warning:  include_once(): Failed opening 'C:\xampp\htdocs\dogshop.me\config/..//app/Views/layouts/check.php' for inclusion (include_path='C:\xampp\php\PEAR') in C:\xampp\htdocs\dogshop.me\common\View.php on line 18
[03-Dec-2020 09:48:40 Europe/Kiev] PHP Warning:  include(C:\xampp\htdocs\dogshop.me\config/..//app/Views/profile/checkout.php): failed to open stream: No such file or directory in C:\xampp\htdocs\dogshop.me\app\Views\layouts\check.php on line 164
[03-Dec-2020 09:48:40 Europe/Kiev] PHP Warning:  include(): Failed opening 'C:\xampp\htdocs\dogshop.me\config/..//app/Views/profile/checkout.php' for inclusion (include_path='C:\xampp\php\PEAR') in C:\xampp\htdocs\dogshop.me\app\Views\layouts\check.php on line 164
